c:\users\bidoumyouou\documents\visual studio 2015\projects\forteam2017\0225proj\debug\vc140.pdb
c:\users\bidoumyouou\documents\visual studio 2015\projects\forteam2017\0225proj\debug\vc140.idb
c:\users\bidoumyouou\documents\visual studio 2015\projects\forteam2017\0225proj\debug\anime.obj
c:\users\bidoumyouou\documents\visual studio 2015\projects\forteam2017\0225proj\debug\camera.obj
c:\users\bidoumyouou\documents\visual studio 2015\projects\forteam2017\0225proj\debug\class.obj
c:\users\bidoumyouou\documents\visual studio 2015\projects\forteam2017\0225proj\debug\commonclass.obj
c:\users\bidoumyouou\documents\visual studio 2015\projects\forteam2017\0225proj\debug\hitbox.obj
c:\users\bidoumyouou\documents\visual studio 2015\projects\forteam2017\0225proj\debug\player.obj
c:\users\bidoumyouou\documents\visual studio 2015\projects\forteam2017\0225proj\debug\gamemgr.obj
c:\users\bidoumyouou\documents\visual studio 2015\projects\forteam2017\0225proj\debug\gv.obj
c:\users\bidoumyouou\documents\visual studio 2015\projects\forteam2017\0225proj\debug\key.obj
c:\users\bidoumyouou\documents\visual studio 2015\projects\forteam2017\0225proj\debug\main.obj
c:\users\bidoumyouou\documents\visual studio 2015\projects\forteam2017\0225proj\debug\objectbase.obj
c:\users\bidoumyouou\documents\visual studio 2015\projects\forteam2017\0225proj\debug\phadeout.obj
c:\users\bidoumyouou\documents\visual studio 2015\projects\forteam2017\0225proj\debug\resource.obj
c:\users\bidoumyouou\documents\visual studio 2015\projects\forteam2017\0225proj\debug\result.obj
c:\users\bidoumyouou\documents\visual studio 2015\projects\forteam2017\0225proj\debug\select.obj
c:\users\bidoumyouou\documents\visual studio 2015\projects\forteam2017\0225proj\debug\state.obj
c:\users\bidoumyouou\documents\visual studio 2015\projects\forteam2017\0225proj\debug\statebase.obj
c:\users\bidoumyouou\documents\visual studio 2015\projects\forteam2017\0225proj\debug\title.obj
c:\users\bidoumyouou\documents\visual studio 2015\projects\forteam2017\0225proj\debug\view.obj
d:\workspace\0214\0222統合\森\forteam2017\0225proj\debug\vc140.pdb
d:\workspace\0214\0222統合\森\forteam2017\0225proj\debug\vc140.idb
d:\workspace\0214\0222統合\森\forteam2017\0225proj\debug\anime.obj
d:\workspace\0214\0222統合\森\forteam2017\0225proj\debug\camera.obj
d:\workspace\0214\0222統合\森\forteam2017\0225proj\debug\class.obj
d:\workspace\0214\0222統合\森\forteam2017\0225proj\debug\commonclass.obj
d:\workspace\0214\0222統合\森\forteam2017\0225proj\debug\gamemgr.obj
d:\workspace\0214\0222統合\森\forteam2017\0225proj\debug\gv.obj
d:\workspace\0214\0222統合\森\forteam2017\0225proj\debug\key.obj
d:\workspace\0214\0222統合\森\forteam2017\0225proj\debug\main.obj
d:\workspace\0214\0222統合\森\forteam2017\0225proj\debug\objectbase.obj
d:\workspace\0214\0222統合\森\forteam2017\0225proj\debug\phadeout.obj
d:\workspace\0214\0222統合\森\forteam2017\0225proj\debug\resource.obj
d:\workspace\0214\0222統合\森\forteam2017\0225proj\debug\result.obj
d:\workspace\0214\0222統合\森\forteam2017\0225proj\debug\select.obj
d:\workspace\0214\0222統合\森\forteam2017\0225proj\debug\state.obj
d:\workspace\0214\0222統合\森\forteam2017\0225proj\debug\statebase.obj
d:\workspace\0214\0222統合\森\forteam2017\0225proj\debug\title.obj
d:\workspace\0214\0222統合\森\forteam2017\0225proj\debug\view.obj
d:\workspace\0214\0222統合\森\forteam2017\0225proj\debug\hitbox.obj
d:\workspace\0214\0222統合\森\forteam2017\0225proj\debug\player.obj
c:\users\bidoumyouou\documents\visual studio 2015\projects\forteam2017\debug\teamdevelop.ilk
c:\users\bidoumyouou\documents\visual studio 2015\projects\forteam2017\debug\teamdevelop.exe
c:\users\bidoumyouou\documents\visual studio 2015\projects\forteam2017\debug\teamdevelop.pdb
d:\workspace\0214\0222統合\森\forteam2017\debug\teamdevelop.ilk
d:\workspace\0214\0222統合\森\forteam2017\debug\teamdevelop.exe
d:\workspace\0214\0222統合\森\forteam2017\debug\teamdevelop.pdb
c:\users\bidoumyouou\documents\visual studio 2015\projects\forteam2017\0225proj\debug\teamdevelop.tlog\cl.command.1.tlog
c:\users\bidoumyouou\documents\visual studio 2015\projects\forteam2017\0225proj\debug\teamdevelop.tlog\cl.read.1.tlog
c:\users\bidoumyouou\documents\visual studio 2015\projects\forteam2017\0225proj\debug\teamdevelop.tlog\cl.write.1.tlog
c:\users\bidoumyouou\documents\visual studio 2015\projects\forteam2017\0225proj\debug\teamdevelop.tlog\link.command.1.tlog
c:\users\bidoumyouou\documents\visual studio 2015\projects\forteam2017\0225proj\debug\teamdevelop.tlog\link.read.1.tlog
c:\users\bidoumyouou\documents\visual studio 2015\projects\forteam2017\0225proj\debug\teamdevelop.tlog\link.write.1.tlog
